2018-07-13 18:41:33,248 0      [           main] DEBUG ache.ibatis.logging.LogFactory  - Logging initialized using 'class org.apache.ibatis.logging.log4j.Log4jImpl' adapter.
2018-07-13 18:41:33,762 514    [           main] DEBUG source.pooled.PooledDataSource  - PooledDataSource forcefully closed/removed all connections.
2018-07-13 18:41:33,762 514    [           main] DEBUG source.pooled.PooledDataSource  - PooledDataSource forcefully closed/removed all connections.
2018-07-13 18:41:33,762 514    [           main] DEBUG source.pooled.PooledDataSource  - PooledDataSource forcefully closed/removed all connections.
2018-07-13 18:41:33,762 514    [           main] DEBUG source.pooled.PooledDataSource  - PooledDataSource forcefully closed/removed all connections.
2018-07-13 18:41:34,031 783    [           main] DEBUG ansaction.jdbc.JdbcTransaction  - Opening JDBC Connection
2018-07-13 18:41:34,457 1209   [           main] DEBUG source.pooled.PooledDataSource  - Created connection 1344645519.
2018-07-13 18:41:34,457 1209   [           main] DEBUG ansaction.jdbc.JdbcTransaction  - Setting autocommit to false on JDBC Connection [com.mysql.jdbc.JDBC4Connection@5025a98f]
2018-07-13 18:41:34,460 1212   [           main] DEBUG m.itheima.dao.IUserDao.findAll  - ==>  Preparing: select * from user 
2018-07-13 18:41:34,489 1241   [           main] DEBUG m.itheima.dao.IUserDao.findAll  - ==> Parameters: 
2018-07-13 18:44:10,508 0      [           main] DEBUG ache.ibatis.logging.LogFactory  - Logging initialized using 'class org.apache.ibatis.logging.log4j.Log4jImpl' adapter.
2018-07-13 18:44:10,617 109    [           main] DEBUG source.pooled.PooledDataSource  - PooledDataSource forcefully closed/removed all connections.
2018-07-13 18:44:10,618 110    [           main] DEBUG source.pooled.PooledDataSource  - PooledDataSource forcefully closed/removed all connections.
2018-07-13 18:44:10,618 110    [           main] DEBUG source.pooled.PooledDataSource  - PooledDataSource forcefully closed/removed all connections.
2018-07-13 18:44:10,618 110    [           main] DEBUG source.pooled.PooledDataSource  - PooledDataSource forcefully closed/removed all connections.
2018-07-13 18:44:10,700 192    [           main] DEBUG ansaction.jdbc.JdbcTransaction  - Opening JDBC Connection
2018-07-13 18:44:10,911 403    [           main] DEBUG source.pooled.PooledDataSource  - Created connection 1690287238.
2018-07-13 18:44:10,911 403    [           main] DEBUG ansaction.jdbc.JdbcTransaction  - Setting autocommit to false on JDBC Connection [com.mysql.jdbc.JDBC4Connection@64bfbc86]
2018-07-13 18:44:10,914 406    [           main] DEBUG m.itheima.dao.IUserDao.findAll  - ==>  Preparing: select * from user 
2018-07-13 18:44:10,941 433    [           main] DEBUG m.itheima.dao.IUserDao.findAll  - ==> Parameters: 
2018-07-13 18:44:10,966 458    [           main] DEBUG m.itheima.dao.IUserDao.findAll  - <==      Total: 6
2018-07-13 18:44:10,996 488    [           main] DEBUG ansaction.jdbc.JdbcTransaction  - Resetting autocommit to true on JDBC Connection [com.mysql.jdbc.JDBC4Connection@64bfbc86]
2018-07-13 18:44:10,996 488    [           main] DEBUG ansaction.jdbc.JdbcTransaction  - Closing JDBC Connection [com.mysql.jdbc.JDBC4Connection@64bfbc86]
2018-07-13 18:44:10,997 489    [           main] DEBUG source.pooled.PooledDataSource  - Returned connection 1690287238 to pool.
2022-07-02 18:43:24,081 0      [           main] DEBUG ache.ibatis.logging.LogFactory  - Logging initialized using 'class org.apache.ibatis.logging.log4j.Log4jImpl' adapter.
2022-07-02 18:43:24,207 126    [           main] DEBUG source.pooled.PooledDataSource  - PooledDataSource forcefully closed/removed all connections.
2022-07-02 18:43:24,207 126    [           main] DEBUG source.pooled.PooledDataSource  - PooledDataSource forcefully closed/removed all connections.
2022-07-02 18:43:24,207 126    [           main] DEBUG source.pooled.PooledDataSource  - PooledDataSource forcefully closed/removed all connections.
2022-07-02 18:43:24,207 126    [           main] DEBUG source.pooled.PooledDataSource  - PooledDataSource forcefully closed/removed all connections.
2022-07-02 18:43:24,301 220    [           main] DEBUG ansaction.jdbc.JdbcTransaction  - Opening JDBC Connection
2022-07-02 18:43:52,577 0      [           main] DEBUG ache.ibatis.logging.LogFactory  - Logging initialized using 'class org.apache.ibatis.logging.log4j.Log4jImpl' adapter.
2022-07-02 18:43:52,702 125    [           main] DEBUG source.pooled.PooledDataSource  - PooledDataSource forcefully closed/removed all connections.
2022-07-02 18:43:52,702 125    [           main] DEBUG source.pooled.PooledDataSource  - PooledDataSource forcefully closed/removed all connections.
2022-07-02 18:43:52,702 125    [           main] DEBUG source.pooled.PooledDataSource  - PooledDataSource forcefully closed/removed all connections.
2022-07-02 18:43:52,702 125    [           main] DEBUG source.pooled.PooledDataSource  - PooledDataSource forcefully closed/removed all connections.
2022-07-02 18:43:52,765 188    [           main] DEBUG ansaction.jdbc.JdbcTransaction  - Opening JDBC Connection
2022-07-02 18:43:53,000 423    [           main] DEBUG source.pooled.PooledDataSource  - Created connection 1715998167.
2022-07-02 18:43:53,000 423    [           main] DEBUG ansaction.jdbc.JdbcTransaction  - Setting autocommit to false on JDBC Connection [com.mysql.jdbc.JDBC4Connection@66480dd7]
2022-07-02 18:43:53,016 439    [           main] DEBUG m.itheima.dao.IUserDao.findAll  - ==>  Preparing: select * from user 
2022-07-02 18:43:53,047 470    [           main] DEBUG m.itheima.dao.IUserDao.findAll  - ==> Parameters: 
2022-07-02 18:43:53,079 502    [           main] DEBUG m.itheima.dao.IUserDao.findAll  - <==      Total: 6
2022-07-02 18:43:53,079 502    [           main] DEBUG ansaction.jdbc.JdbcTransaction  - Resetting autocommit to true on JDBC Connection [com.mysql.jdbc.JDBC4Connection@66480dd7]
2022-07-02 18:43:53,079 502    [           main] DEBUG ansaction.jdbc.JdbcTransaction  - Closing JDBC Connection [com.mysql.jdbc.JDBC4Connection@66480dd7]
2022-07-02 18:43:53,079 502    [           main] DEBUG source.pooled.PooledDataSource  - Returned connection 1715998167 to pool.
